{"D:\\TaskManager\\src\\app.js": {"path":"D:\\TaskManager\\src\\app.js","statementMap":{"0":{"start":{"line":1,"column":16},"end":{"line":1,"column":34}},"1":{"start":{"line":2,"column":0},"end":{"line":2,"column":25}},"2":{"start":{"line":3,"column":19},"end":{"line":3,"column":44}},"3":{"start":{"line":4,"column":19},"end":{"line":4,"column":44}},"4":{"start":{"line":6,"column":12},"end":{"line":6,"column":21}},"5":{"start":{"line":8,"column":0},"end":{"line":8,"column":24}},"6":{"start":{"line":9,"column":0},"end":{"line":9,"column":20}},"7":{"start":{"line":10,"column":0},"end":{"line":10,"column":20}},"8":{"start":{"line":12,"column":0},"end":{"line":12,"column":21}}},"fnMap":{},"branchMap":{},"s":{"0":2,"1":2,"2":2,"3":2,"4":2,"5":2,"6":2,"7":2,"8":2},"f":{},"b":{},"_coverageSchema":"1a1c01bbd47fc00a2c39e90264f33305004495a9","hash":"c54bff6fa92bffc4b08674cdff3d0ff61812deea"}
,"D:\\TaskManager\\src\\db\\mongoose.js": {"path":"D:\\TaskManager\\src\\db\\mongoose.js","statementMap":{"0":{"start":{"line":1,"column":17},"end":{"line":1,"column":36}},"1":{"start":{"line":3,"column":19},"end":{"line":10,"column":1}},"2":{"start":{"line":12,"column":0},"end":{"line":12,"column":28}}},"fnMap":{},"branchMap":{},"s":{"0":2,"1":2,"2":2},"f":{},"b":{},"_coverageSchema":"1a1c01bbd47fc00a2c39e90264f33305004495a9","hash":"8bd67410aa4b8e782175bcea3b43e4cc597ac2a9"}
,"D:\\TaskManager\\src\\emails\\account.js": {"path":"D:\\TaskManager\\src\\emails\\account.js","statementMap":{"0":{"start":{"line":1,"column":15},"end":{"line":1,"column":40}},"1":{"start":{"line":3,"column":0},"end":{"line":3,"column":47}},"2":{"start":{"line":5,"column":25},"end":{"line":12,"column":1}},"3":{"start":{"line":6,"column":2},"end":{"line":11,"column":5}},"4":{"start":{"line":14,"column":29},"end":{"line":21,"column":1}},"5":{"start":{"line":15,"column":2},"end":{"line":20,"column":5}},"6":{"start":{"line":23,"column":0},"end":{"line":26,"column":2}}},"fnMap":{"0":{"name":"(anonymous_0)","decl":{"start":{"line":5,"column":25},"end":{"line":5,"column":26}},"loc":{"start":{"line":5,"column":42},"end":{"line":12,"column":1}},"line":5},"1":{"name":"(anonymous_1)","decl":{"start":{"line":14,"column":29},"end":{"line":14,"column":30}},"loc":{"start":{"line":14,"column":46},"end":{"line":21,"column":1}},"line":14}},"branchMap":{},"s":{"0":2,"1":2,"2":2,"3":1,"4":2,"5":1,"6":2},"f":{"0":1,"1":1},"b":{},"_coverageSchema":"1a1c01bbd47fc00a2c39e90264f33305004495a9","hash":"07873084fbaab3b6924ba9f2f03cd935d1603f80"}
,"D:\\TaskManager\\src\\middleware\\auth.js": {"path":"D:\\TaskManager\\src\\middleware\\auth.js","statementMap":{"0":{"start":{"line":1,"column":12},"end":{"line":1,"column":35}},"1":{"start":{"line":2,"column":13},"end":{"line":2,"column":38}},"2":{"start":{"line":4,"column":13},"end":{"line":23,"column":1}},"3":{"start":{"line":5,"column":2},"end":{"line":22,"column":3}},"4":{"start":{"line":6,"column":18},"end":{"line":6,"column":68}},"5":{"start":{"line":7,"column":20},"end":{"line":7,"column":62}},"6":{"start":{"line":8,"column":17},"end":{"line":11,"column":6}},"7":{"start":{"line":13,"column":4},"end":{"line":15,"column":5}},"8":{"start":{"line":14,"column":6},"end":{"line":14,"column":24}},"9":{"start":{"line":17,"column":4},"end":{"line":17,"column":22}},"10":{"start":{"line":18,"column":4},"end":{"line":18,"column":20}},"11":{"start":{"line":19,"column":4},"end":{"line":19,"column":11}},"12":{"start":{"line":21,"column":4},"end":{"line":21,"column":60}},"13":{"start":{"line":25,"column":0},"end":{"line":25,"column":22}}},"fnMap":{"0":{"name":"(anonymous_0)","decl":{"start":{"line":4,"column":13},"end":{"line":4,"column":14}},"loc":{"start":{"line":4,"column":39},"end":{"line":23,"column":1}},"line":4}},"branchMap":{"0":{"loc":{"start":{"line":13,"column":4},"end":{"line":15,"column":5}},"type":"if","locations":[{"start":{"line":13,"column":4},"end":{"line":15,"column":5}},{"start":{"line":13,"column":4},"end":{"line":15,"column":5}}],"line":13}},"s":{"0":2,"1":2,"2":2,"3":10,"4":10,"5":8,"6":8,"7":8,"8":0,"9":8,"10":8,"11":8,"12":2,"13":2},"f":{"0":10},"b":{"0":[0,8]},"_coverageSchema":"1a1c01bbd47fc00a2c39e90264f33305004495a9","hash":"301917494773c765e761e77ae02235bcc88b7350"}
,"D:\\TaskManager\\src\\models\\task.js": {"path":"D:\\TaskManager\\src\\models\\task.js","statementMap":{"0":{"start":{"line":1,"column":17},"end":{"line":1,"column":36}},"1":{"start":{"line":3,"column":19},"end":{"line":23,"column":1}},"2":{"start":{"line":25,"column":13},"end":{"line":25,"column":47}},"3":{"start":{"line":27,"column":0},"end":{"line":27,"column":22}}},"fnMap":{},"branchMap":{},"s":{"0":2,"1":2,"2":2,"3":2},"f":{},"b":{},"_coverageSchema":"1a1c01bbd47fc00a2c39e90264f33305004495a9","hash":"6070f85051a1a2947856b34f679bd65b0b104a34"}
,"D:\\TaskManager\\src\\models\\user.js": {"path":"D:\\TaskManager\\src\\models\\user.js","statementMap":{"0":{"start":{"line":1,"column":17},"end":{"line":1,"column":36}},"1":{"start":{"line":2,"column":18},"end":{"line":2,"column":38}},"2":{"start":{"line":3,"column":15},"end":{"line":3,"column":34}},"3":{"start":{"line":4,"column":12},"end":{"line":4,"column":35}},"4":{"start":{"line":5,"column":13},"end":{"line":5,"column":30}},"5":{"start":{"line":7,"column":19},"end":{"line":61,"column":1}},"6":{"start":{"line":21,"column":8},"end":{"line":23,"column":9}},"7":{"start":{"line":22,"column":10},"end":{"line":22,"column":46}},"8":{"start":{"line":32,"column":8},"end":{"line":34,"column":9}},"9":{"start":{"line":33,"column":10},"end":{"line":33,"column":64}},"10":{"start":{"line":41,"column":8},"end":{"line":43,"column":9}},"11":{"start":{"line":42,"column":10},"end":{"line":42,"column":58}},"12":{"start":{"line":63,"column":0},"end":{"line":67,"column":3}},"13":{"start":{"line":69,"column":0},"end":{"line":78,"column":2}},"14":{"start":{"line":70,"column":15},"end":{"line":70,"column":19}},"15":{"start":{"line":71,"column":21},"end":{"line":71,"column":36}},"16":{"start":{"line":73,"column":2},"end":{"line":73,"column":29}},"17":{"start":{"line":74,"column":2},"end":{"line":74,"column":27}},"18":{"start":{"line":75,"column":2},"end":{"line":75,"column":27}},"19":{"start":{"line":77,"column":2},"end":{"line":77,"column":20}},"20":{"start":{"line":80,"column":0},"end":{"line":88,"column":2}},"21":{"start":{"line":81,"column":15},"end":{"line":81,"column":19}},"22":{"start":{"line":82,"column":16},"end":{"line":82,"column":79}},"23":{"start":{"line":84,"column":2},"end":{"line":84,"column":46}},"24":{"start":{"line":85,"column":2},"end":{"line":85,"column":20}},"25":{"start":{"line":87,"column":2},"end":{"line":87,"column":15}},"26":{"start":{"line":90,"column":0},"end":{"line":104,"column":2}},"27":{"start":{"line":91,"column":15},"end":{"line":91,"column":44}},"28":{"start":{"line":93,"column":2},"end":{"line":95,"column":3}},"29":{"start":{"line":94,"column":4},"end":{"line":94,"column":39}},"30":{"start":{"line":97,"column":18},"end":{"line":97,"column":63}},"31":{"start":{"line":99,"column":2},"end":{"line":101,"column":3}},"32":{"start":{"line":100,"column":4},"end":{"line":100,"column":39}},"33":{"start":{"line":103,"column":2},"end":{"line":103,"column":14}},"34":{"start":{"line":107,"column":0},"end":{"line":115,"column":3}},"35":{"start":{"line":108,"column":15},"end":{"line":108,"column":19}},"36":{"start":{"line":110,"column":2},"end":{"line":112,"column":3}},"37":{"start":{"line":111,"column":4},"end":{"line":111,"column":56}},"38":{"start":{"line":114,"column":2},"end":{"line":114,"column":9}},"39":{"start":{"line":118,"column":0},"end":{"line":122,"column":3}},"40":{"start":{"line":119,"column":15},"end":{"line":119,"column":19}},"41":{"start":{"line":120,"column":2},"end":{"line":120,"column":45}},"42":{"start":{"line":121,"column":2},"end":{"line":121,"column":9}},"43":{"start":{"line":124,"column":13},"end":{"line":124,"column":47}},"44":{"start":{"line":126,"column":0},"end":{"line":126,"column":22}}},"fnMap":{"0":{"name":"(anonymous_0)","decl":{"start":{"line":20,"column":6},"end":{"line":20,"column":7}},"loc":{"start":{"line":20,"column":22},"end":{"line":24,"column":7}},"line":20},"1":{"name":"(anonymous_1)","decl":{"start":{"line":31,"column":6},"end":{"line":31,"column":7}},"loc":{"start":{"line":31,"column":22},"end":{"line":35,"column":7}},"line":31},"2":{"name":"(anonymous_2)","decl":{"start":{"line":40,"column":6},"end":{"line":40,"column":7}},"loc":{"start":{"line":40,"column":22},"end":{"line":44,"column":7}},"line":40},"3":{"name":"(anonymous_3)","decl":{"start":{"line":69,"column":28},"end":{"line":69,"column":29}},"loc":{"start":{"line":69,"column":40},"end":{"line":78,"column":1}},"line":69},"4":{"name":"(anonymous_4)","decl":{"start":{"line":80,"column":39},"end":{"line":80,"column":40}},"loc":{"start":{"line":80,"column":57},"end":{"line":88,"column":1}},"line":80},"5":{"name":"(anonymous_5)","decl":{"start":{"line":90,"column":39},"end":{"line":90,"column":40}},"loc":{"start":{"line":90,"column":66},"end":{"line":104,"column":1}},"line":90},"6":{"name":"(anonymous_6)","decl":{"start":{"line":107,"column":23},"end":{"line":107,"column":24}},"loc":{"start":{"line":107,"column":45},"end":{"line":115,"column":1}},"line":107},"7":{"name":"(anonymous_7)","decl":{"start":{"line":118,"column":25},"end":{"line":118,"column":26}},"loc":{"start":{"line":118,"column":47},"end":{"line":122,"column":1}},"line":118}},"branchMap":{"0":{"loc":{"start":{"line":21,"column":8},"end":{"line":23,"column":9}},"type":"if","locations":[{"start":{"line":21,"column":8},"end":{"line":23,"column":9}},{"start":{"line":21,"column":8},"end":{"line":23,"column":9}}],"line":21},"1":{"loc":{"start":{"line":32,"column":8},"end":{"line":34,"column":9}},"type":"if","locations":[{"start":{"line":32,"column":8},"end":{"line":34,"column":9}},{"start":{"line":32,"column":8},"end":{"line":34,"column":9}}],"line":32},"2":{"loc":{"start":{"line":41,"column":8},"end":{"line":43,"column":9}},"type":"if","locations":[{"start":{"line":41,"column":8},"end":{"line":43,"column":9}},{"start":{"line":41,"column":8},"end":{"line":43,"column":9}}],"line":41},"3":{"loc":{"start":{"line":93,"column":2},"end":{"line":95,"column":3}},"type":"if","locations":[{"start":{"line":93,"column":2},"end":{"line":95,"column":3}},{"start":{"line":93,"column":2},"end":{"line":95,"column":3}}],"line":93},"4":{"loc":{"start":{"line":99,"column":2},"end":{"line":101,"column":3}},"type":"if","locations":[{"start":{"line":99,"column":2},"end":{"line":101,"column":3}},{"start":{"line":99,"column":2},"end":{"line":101,"column":3}}],"line":99},"5":{"loc":{"start":{"line":110,"column":2},"end":{"line":112,"column":3}},"type":"if","locations":[{"start":{"line":110,"column":2},"end":{"line":112,"column":3}},{"start":{"line":110,"column":2},"end":{"line":112,"column":3}}],"line":110}},"s":{"0":2,"1":2,"2":2,"3":2,"4":2,"5":2,"6":31,"7":0,"8":31,"9":0,"10":30,"11":0,"12":2,"13":2,"14":5,"15":5,"16":5,"17":5,"18":5,"19":5,"20":2,"21":2,"22":2,"23":2,"24":2,"25":2,"26":2,"27":2,"28":2,"29":0,"30":2,"31":2,"32":1,"33":1,"34":2,"35":31,"36":31,"37":27,"38":31,"39":2,"40":1,"41":1,"42":1,"43":2,"44":2},"f":{"0":31,"1":31,"2":30,"3":5,"4":2,"5":2,"6":31,"7":1},"b":{"0":[0,31],"1":[0,31],"2":[0,30],"3":[0,2],"4":[1,1],"5":[27,4]},"_coverageSchema":"1a1c01bbd47fc00a2c39e90264f33305004495a9","hash":"1ece336080384e9600fe558c4ded2eb15485ae9b"}
,"D:\\TaskManager\\src\\routers\\task.js": {"path":"D:\\TaskManager\\src\\routers\\task.js","statementMap":{"0":{"start":{"line":1,"column":16},"end":{"line":1,"column":34}},"1":{"start":{"line":2,"column":13},"end":{"line":2,"column":38}},"2":{"start":{"line":3,"column":13},"end":{"line":3,"column":42}},"3":{"start":{"line":4,"column":15},"end":{"line":4,"column":35}},"4":{"start":{"line":6,"column":0},"end":{"line":18,"column":3}},"5":{"start":{"line":7,"column":15},"end":{"line":10,"column":4}},"6":{"start":{"line":12,"column":2},"end":{"line":17,"column":3}},"7":{"start":{"line":13,"column":4},"end":{"line":13,"column":22}},"8":{"start":{"line":14,"column":4},"end":{"line":14,"column":31}},"9":{"start":{"line":16,"column":4},"end":{"line":16,"column":28}},"10":{"start":{"line":23,"column":0},"end":{"line":52,"column":3}},"11":{"start":{"line":24,"column":16},"end":{"line":24,"column":18}},"12":{"start":{"line":25,"column":15},"end":{"line":25,"column":17}},"13":{"start":{"line":27,"column":2},"end":{"line":29,"column":3}},"14":{"start":{"line":28,"column":4},"end":{"line":28,"column":53}},"15":{"start":{"line":31,"column":2},"end":{"line":34,"column":3}},"16":{"start":{"line":32,"column":18},"end":{"line":32,"column":45}},"17":{"start":{"line":33,"column":4},"end":{"line":33,"column":50}},"18":{"start":{"line":36,"column":2},"end":{"line":51,"column":3}},"19":{"start":{"line":37,"column":4},"end":{"line":47,"column":22}},"20":{"start":{"line":48,"column":4},"end":{"line":48,"column":29}},"21":{"start":{"line":50,"column":4},"end":{"line":50,"column":27}},"22":{"start":{"line":54,"column":0},"end":{"line":68,"column":3}},"23":{"start":{"line":55,"column":14},"end":{"line":55,"column":27}},"24":{"start":{"line":57,"column":2},"end":{"line":67,"column":3}},"25":{"start":{"line":58,"column":17},"end":{"line":58,"column":65}},"26":{"start":{"line":60,"column":4},"end":{"line":62,"column":5}},"27":{"start":{"line":61,"column":6},"end":{"line":61,"column":36}},"28":{"start":{"line":64,"column":4},"end":{"line":64,"column":19}},"29":{"start":{"line":66,"column":4},"end":{"line":66,"column":27}},"30":{"start":{"line":70,"column":0},"end":{"line":97,"column":3}},"31":{"start":{"line":71,"column":18},"end":{"line":71,"column":39}},"32":{"start":{"line":72,"column":25},"end":{"line":72,"column":53}},"33":{"start":{"line":73,"column":27},"end":{"line":75,"column":3}},"34":{"start":{"line":74,"column":4},"end":{"line":74,"column":35}},"35":{"start":{"line":77,"column":2},"end":{"line":79,"column":3}},"36":{"start":{"line":78,"column":4},"end":{"line":78,"column":63}},"37":{"start":{"line":81,"column":2},"end":{"line":96,"column":3}},"38":{"start":{"line":82,"column":17},"end":{"line":85,"column":6}},"39":{"start":{"line":87,"column":4},"end":{"line":89,"column":5}},"40":{"start":{"line":88,"column":6},"end":{"line":88,"column":36}},"41":{"start":{"line":91,"column":4},"end":{"line":91,"column":67}},"42":{"start":{"line":91,"column":33},"end":{"line":91,"column":64}},"43":{"start":{"line":92,"column":4},"end":{"line":92,"column":22}},"44":{"start":{"line":93,"column":4},"end":{"line":93,"column":19}},"45":{"start":{"line":95,"column":4},"end":{"line":95,"column":28}},"46":{"start":{"line":99,"column":0},"end":{"line":114,"column":3}},"47":{"start":{"line":100,"column":2},"end":{"line":113,"column":3}},"48":{"start":{"line":101,"column":17},"end":{"line":104,"column":6}},"49":{"start":{"line":106,"column":4},"end":{"line":108,"column":5}},"50":{"start":{"line":107,"column":6},"end":{"line":107,"column":29}},"51":{"start":{"line":110,"column":4},"end":{"line":110,"column":19}},"52":{"start":{"line":112,"column":4},"end":{"line":112,"column":27}},"53":{"start":{"line":116,"column":0},"end":{"line":116,"column":24}}},"fnMap":{"0":{"name":"(anonymous_0)","decl":{"start":{"line":6,"column":28},"end":{"line":6,"column":29}},"loc":{"start":{"line":6,"column":48},"end":{"line":18,"column":1}},"line":6},"1":{"name":"(anonymous_1)","decl":{"start":{"line":23,"column":27},"end":{"line":23,"column":28}},"loc":{"start":{"line":23,"column":47},"end":{"line":52,"column":1}},"line":23},"2":{"name":"(anonymous_2)","decl":{"start":{"line":54,"column":31},"end":{"line":54,"column":32}},"loc":{"start":{"line":54,"column":51},"end":{"line":68,"column":1}},"line":54},"3":{"name":"(anonymous_3)","decl":{"start":{"line":70,"column":33},"end":{"line":70,"column":34}},"loc":{"start":{"line":70,"column":53},"end":{"line":97,"column":1}},"line":70},"4":{"name":"(anonymous_4)","decl":{"start":{"line":73,"column":41},"end":{"line":73,"column":42}},"loc":{"start":{"line":74,"column":4},"end":{"line":74,"column":35}},"line":74},"5":{"name":"(anonymous_5)","decl":{"start":{"line":91,"column":20},"end":{"line":91,"column":21}},"loc":{"start":{"line":91,"column":33},"end":{"line":91,"column":64}},"line":91},"6":{"name":"(anonymous_6)","decl":{"start":{"line":99,"column":34},"end":{"line":99,"column":35}},"loc":{"start":{"line":99,"column":54},"end":{"line":114,"column":1}},"line":99}},"branchMap":{"0":{"loc":{"start":{"line":27,"column":2},"end":{"line":29,"column":3}},"type":"if","locations":[{"start":{"line":27,"column":2},"end":{"line":29,"column":3}},{"start":{"line":27,"column":2},"end":{"line":29,"column":3}}],"line":27},"1":{"loc":{"start":{"line":31,"column":2},"end":{"line":34,"column":3}},"type":"if","locations":[{"start":{"line":31,"column":2},"end":{"line":34,"column":3}},{"start":{"line":31,"column":2},"end":{"line":34,"column":3}}],"line":31},"2":{"loc":{"start":{"line":33,"column":21},"end":{"line":33,"column":49}},"type":"cond-expr","locations":[{"start":{"line":33,"column":43},"end":{"line":33,"column":45}},{"start":{"line":33,"column":48},"end":{"line":33,"column":49}}],"line":33},"3":{"loc":{"start":{"line":60,"column":4},"end":{"line":62,"column":5}},"type":"if","locations":[{"start":{"line":60,"column":4},"end":{"line":62,"column":5}},{"start":{"line":60,"column":4},"end":{"line":62,"column":5}}],"line":60},"4":{"loc":{"start":{"line":77,"column":2},"end":{"line":79,"column":3}},"type":"if","locations":[{"start":{"line":77,"column":2},"end":{"line":79,"column":3}},{"start":{"line":77,"column":2},"end":{"line":79,"column":3}}],"line":77},"5":{"loc":{"start":{"line":87,"column":4},"end":{"line":89,"column":5}},"type":"if","locations":[{"start":{"line":87,"column":4},"end":{"line":89,"column":5}},{"start":{"line":87,"column":4},"end":{"line":89,"column":5}}],"line":87},"6":{"loc":{"start":{"line":106,"column":4},"end":{"line":108,"column":5}},"type":"if","locations":[{"start":{"line":106,"column":4},"end":{"line":108,"column":5}},{"start":{"line":106,"column":4},"end":{"line":108,"column":5}}],"line":106}},"s":{"0":2,"1":2,"2":2,"3":2,"4":2,"5":1,"6":1,"7":1,"8":1,"9":0,"10":2,"11":1,"12":1,"13":1,"14":0,"15":1,"16":0,"17":0,"18":1,"19":1,"20":1,"21":0,"22":2,"23":0,"24":0,"25":0,"26":0,"27":0,"28":0,"29":0,"30":2,"31":0,"32":0,"33":0,"34":0,"35":0,"36":0,"37":0,"38":0,"39":0,"40":0,"41":0,"42":0,"43":0,"44":0,"45":0,"46":2,"47":1,"48":1,"49":1,"50":1,"51":1,"52":1,"53":2},"f":{"0":1,"1":1,"2":0,"3":0,"4":0,"5":0,"6":1},"b":{"0":[0,1],"1":[0,1],"2":[0,0],"3":[0,0],"4":[0,0],"5":[0,0],"6":[1,0]},"_coverageSchema":"1a1c01bbd47fc00a2c39e90264f33305004495a9","hash":"1048934d383e5a55f0db09a02da6e12b9cbbdb01"}
,"D:\\TaskManager\\src\\routers\\user.js": {"path":"D:\\TaskManager\\src\\routers\\user.js","statementMap":{"0":{"start":{"line":1,"column":16},"end":{"line":1,"column":34}},"1":{"start":{"line":2,"column":15},"end":{"line":2,"column":32}},"2":{"start":{"line":3,"column":14},"end":{"line":3,"column":30}},"3":{"start":{"line":4,"column":13},"end":{"line":4,"column":38}},"4":{"start":{"line":5,"column":13},"end":{"line":5,"column":42}},"5":{"start":{"line":6,"column":51},"end":{"line":6,"column":79}},"6":{"start":{"line":7,"column":15},"end":{"line":7,"column":35}},"7":{"start":{"line":9,"column":0},"end":{"line":20,"column":3}},"8":{"start":{"line":10,"column":15},"end":{"line":10,"column":33}},"9":{"start":{"line":12,"column":2},"end":{"line":19,"column":3}},"10":{"start":{"line":13,"column":4},"end":{"line":13,"column":22}},"11":{"start":{"line":14,"column":4},"end":{"line":14,"column":44}},"12":{"start":{"line":15,"column":18},"end":{"line":15,"column":48}},"13":{"start":{"line":16,"column":4},"end":{"line":16,"column":42}},"14":{"start":{"line":18,"column":4},"end":{"line":18,"column":28}},"15":{"start":{"line":22,"column":0},"end":{"line":33,"column":3}},"16":{"start":{"line":23,"column":2},"end":{"line":32,"column":3}},"17":{"start":{"line":24,"column":17},"end":{"line":27,"column":5}},"18":{"start":{"line":28,"column":18},"end":{"line":28,"column":48}},"19":{"start":{"line":29,"column":4},"end":{"line":29,"column":30}},"20":{"start":{"line":31,"column":4},"end":{"line":31,"column":27}},"21":{"start":{"line":35,"column":0},"end":{"line":46,"column":3}},"22":{"start":{"line":36,"column":2},"end":{"line":45,"column":3}},"23":{"start":{"line":37,"column":4},"end":{"line":39,"column":7}},"24":{"start":{"line":38,"column":6},"end":{"line":38,"column":39}},"25":{"start":{"line":40,"column":4},"end":{"line":40,"column":26}},"26":{"start":{"line":42,"column":4},"end":{"line":42,"column":15}},"27":{"start":{"line":44,"column":4},"end":{"line":44,"column":27}},"28":{"start":{"line":48,"column":0},"end":{"line":56,"column":3}},"29":{"start":{"line":49,"column":2},"end":{"line":55,"column":3}},"30":{"start":{"line":50,"column":4},"end":{"line":50,"column":25}},"31":{"start":{"line":51,"column":4},"end":{"line":51,"column":26}},"32":{"start":{"line":52,"column":4},"end":{"line":52,"column":15}},"33":{"start":{"line":54,"column":4},"end":{"line":54,"column":27}},"34":{"start":{"line":58,"column":0},"end":{"line":60,"column":3}},"35":{"start":{"line":59,"column":2},"end":{"line":59,"column":21}},"36":{"start":{"line":62,"column":0},"end":{"line":80,"column":3}},"37":{"start":{"line":63,"column":18},"end":{"line":63,"column":39}},"38":{"start":{"line":64,"column":25},"end":{"line":64,"column":61}},"39":{"start":{"line":65,"column":27},"end":{"line":67,"column":3}},"40":{"start":{"line":66,"column":4},"end":{"line":66,"column":35}},"41":{"start":{"line":69,"column":2},"end":{"line":71,"column":3}},"42":{"start":{"line":70,"column":4},"end":{"line":70,"column":63}},"43":{"start":{"line":73,"column":2},"end":{"line":79,"column":3}},"44":{"start":{"line":74,"column":4},"end":{"line":74,"column":71}},"45":{"start":{"line":74,"column":33},"end":{"line":74,"column":68}},"46":{"start":{"line":75,"column":4},"end":{"line":75,"column":26}},"47":{"start":{"line":76,"column":4},"end":{"line":76,"column":23}},"48":{"start":{"line":78,"column":4},"end":{"line":78,"column":28}},"49":{"start":{"line":82,"column":0},"end":{"line":90,"column":3}},"50":{"start":{"line":83,"column":2},"end":{"line":89,"column":3}},"51":{"start":{"line":84,"column":4},"end":{"line":84,"column":28}},"52":{"start":{"line":85,"column":4},"end":{"line":85,"column":56}},"53":{"start":{"line":86,"column":4},"end":{"line":86,"column":23}},"54":{"start":{"line":88,"column":4},"end":{"line":88,"column":27}},"55":{"start":{"line":92,"column":15},"end":{"line":103,"column":2}},"56":{"start":{"line":97,"column":4},"end":{"line":99,"column":5}},"57":{"start":{"line":98,"column":6},"end":{"line":98,"column":53}},"58":{"start":{"line":101,"column":4},"end":{"line":101,"column":24}},"59":{"start":{"line":105,"column":0},"end":{"line":121,"column":2}},"60":{"start":{"line":110,"column":19},"end":{"line":113,"column":17}},"61":{"start":{"line":114,"column":4},"end":{"line":114,"column":29}},"62":{"start":{"line":115,"column":4},"end":{"line":115,"column":26}},"63":{"start":{"line":116,"column":4},"end":{"line":116,"column":15}},"64":{"start":{"line":119,"column":4},"end":{"line":119,"column":51}},"65":{"start":{"line":123,"column":0},"end":{"line":127,"column":3}},"66":{"start":{"line":124,"column":2},"end":{"line":124,"column":30}},"67":{"start":{"line":125,"column":2},"end":{"line":125,"column":24}},"68":{"start":{"line":126,"column":2},"end":{"line":126,"column":13}},"69":{"start":{"line":129,"column":0},"end":{"line":142,"column":3}},"70":{"start":{"line":130,"column":2},"end":{"line":141,"column":3}},"71":{"start":{"line":131,"column":17},"end":{"line":131,"column":51}},"72":{"start":{"line":133,"column":4},"end":{"line":135,"column":5}},"73":{"start":{"line":134,"column":6},"end":{"line":134,"column":24}},"74":{"start":{"line":137,"column":4},"end":{"line":137,"column":41}},"75":{"start":{"line":138,"column":4},"end":{"line":138,"column":26}},"76":{"start":{"line":140,"column":4},"end":{"line":140,"column":27}},"77":{"start":{"line":144,"column":0},"end":{"line":144,"column":24}}},"fnMap":{"0":{"name":"(anonymous_0)","decl":{"start":{"line":9,"column":22},"end":{"line":9,"column":23}},"loc":{"start":{"line":9,"column":42},"end":{"line":20,"column":1}},"line":9},"1":{"name":"(anonymous_1)","decl":{"start":{"line":22,"column":28},"end":{"line":22,"column":29}},"loc":{"start":{"line":22,"column":48},"end":{"line":33,"column":1}},"line":22},"2":{"name":"(anonymous_2)","decl":{"start":{"line":35,"column":35},"end":{"line":35,"column":36}},"loc":{"start":{"line":35,"column":55},"end":{"line":46,"column":1}},"line":35},"3":{"name":"(anonymous_3)","decl":{"start":{"line":37,"column":45},"end":{"line":37,"column":46}},"loc":{"start":{"line":37,"column":56},"end":{"line":39,"column":5}},"line":37},"4":{"name":"(anonymous_4)","decl":{"start":{"line":48,"column":38},"end":{"line":48,"column":39}},"loc":{"start":{"line":48,"column":58},"end":{"line":56,"column":1}},"line":48},"5":{"name":"(anonymous_5)","decl":{"start":{"line":58,"column":30},"end":{"line":58,"column":31}},"loc":{"start":{"line":58,"column":50},"end":{"line":60,"column":1}},"line":58},"6":{"name":"(anonymous_6)","decl":{"start":{"line":62,"column":32},"end":{"line":62,"column":33}},"loc":{"start":{"line":62,"column":52},"end":{"line":80,"column":1}},"line":62},"7":{"name":"(anonymous_7)","decl":{"start":{"line":65,"column":41},"end":{"line":65,"column":42}},"loc":{"start":{"line":66,"column":4},"end":{"line":66,"column":35}},"line":66},"8":{"name":"(anonymous_8)","decl":{"start":{"line":74,"column":20},"end":{"line":74,"column":21}},"loc":{"start":{"line":74,"column":33},"end":{"line":74,"column":68}},"line":74},"9":{"name":"(anonymous_9)","decl":{"start":{"line":82,"column":33},"end":{"line":82,"column":34}},"loc":{"start":{"line":82,"column":53},"end":{"line":90,"column":1}},"line":82},"10":{"name":"(anonymous_10)","decl":{"start":{"line":96,"column":2},"end":{"line":96,"column":3}},"loc":{"start":{"line":96,"column":28},"end":{"line":102,"column":3}},"line":96},"11":{"name":"(anonymous_11)","decl":{"start":{"line":109,"column":2},"end":{"line":109,"column":3}},"loc":{"start":{"line":109,"column":22},"end":{"line":117,"column":3}},"line":109},"12":{"name":"(anonymous_12)","decl":{"start":{"line":118,"column":2},"end":{"line":118,"column":3}},"loc":{"start":{"line":118,"column":29},"end":{"line":120,"column":3}},"line":118},"13":{"name":"(anonymous_13)","decl":{"start":{"line":123,"column":40},"end":{"line":123,"column":41}},"loc":{"start":{"line":123,"column":60},"end":{"line":127,"column":1}},"line":123},"14":{"name":"(anonymous_14)","decl":{"start":{"line":129,"column":32},"end":{"line":129,"column":33}},"loc":{"start":{"line":129,"column":52},"end":{"line":142,"column":1}},"line":129}},"branchMap":{"0":{"loc":{"start":{"line":69,"column":2},"end":{"line":71,"column":3}},"type":"if","locations":[{"start":{"line":69,"column":2},"end":{"line":71,"column":3}},{"start":{"line":69,"column":2},"end":{"line":71,"column":3}}],"line":69},"1":{"loc":{"start":{"line":97,"column":4},"end":{"line":99,"column":5}},"type":"if","locations":[{"start":{"line":97,"column":4},"end":{"line":99,"column":5}},{"start":{"line":97,"column":4},"end":{"line":99,"column":5}}],"line":97},"2":{"loc":{"start":{"line":133,"column":4},"end":{"line":135,"column":5}},"type":"if","locations":[{"start":{"line":133,"column":4},"end":{"line":135,"column":5}},{"start":{"line":133,"column":4},"end":{"line":135,"column":5}}],"line":133},"3":{"loc":{"start":{"line":133,"column":8},"end":{"line":133,"column":29}},"type":"binary-expr","locations":[{"start":{"line":133,"column":8},"end":{"line":133,"column":13}},{"start":{"line":133,"column":17},"end":{"line":133,"column":29}}],"line":133}},"s":{"0":2,"1":2,"2":2,"3":2,"4":2,"5":2,"6":2,"7":2,"8":1,"9":1,"10":1,"11":1,"12":1,"13":1,"14":0,"15":2,"16":2,"17":2,"18":1,"19":1,"20":1,"21":2,"22":0,"23":0,"24":0,"25":0,"26":0,"27":0,"28":2,"29":0,"30":0,"31":0,"32":0,"33":0,"34":2,"35":1,"36":2,"37":2,"38":2,"39":2,"40":2,"41":2,"42":1,"43":1,"44":1,"45":1,"46":1,"47":1,"48":0,"49":2,"50":1,"51":1,"52":1,"53":1,"54":0,"55":2,"56":1,"57":0,"58":1,"59":2,"60":1,"61":1,"62":1,"63":1,"64":0,"65":2,"66":0,"67":0,"68":0,"69":2,"70":0,"71":0,"72":0,"73":0,"74":0,"75":0,"76":0,"77":2},"f":{"0":1,"1":2,"2":0,"3":0,"4":0,"5":1,"6":2,"7":2,"8":1,"9":1,"10":1,"11":1,"12":0,"13":0,"14":0},"b":{"0":[1,1],"1":[0,1],"2":[0,0],"3":[0,0]},"_coverageSchema":"1a1c01bbd47fc00a2c39e90264f33305004495a9","hash":"2414154c13c3a92da3ddacaf429052f13ea8f032"}
,"D:\\TaskManager\\tests\\fixtures\\db.js": {"path":"D:\\TaskManager\\tests\\fixtures\\db.js","statementMap":{"0":{"start":{"line":1,"column":17},"end":{"line":1,"column":36}},"1":{"start":{"line":2,"column":12},"end":{"line":2,"column":35}},"2":{"start":{"line":3,"column":13},"end":{"line":3,"column":45}},"3":{"start":{"line":4,"column":13},"end":{"line":4,"column":45}},"4":{"start":{"line":6,"column":18},"end":{"line":6,"column":47}},"5":{"start":{"line":7,"column":16},"end":{"line":17,"column":1}},"6":{"start":{"line":19,"column":18},"end":{"line":19,"column":47}},"7":{"start":{"line":20,"column":16},"end":{"line":30,"column":1}},"8":{"start":{"line":32,"column":16},"end":{"line":37,"column":1}},"9":{"start":{"line":39,"column":16},"end":{"line":44,"column":1}},"10":{"start":{"line":46,"column":18},"end":{"line":51,"column":1}},"11":{"start":{"line":53,"column":22},"end":{"line":61,"column":1}},"12":{"start":{"line":54,"column":2},"end":{"line":54,"column":26}},"13":{"start":{"line":55,"column":2},"end":{"line":55,"column":26}},"14":{"start":{"line":56,"column":2},"end":{"line":56,"column":33}},"15":{"start":{"line":57,"column":2},"end":{"line":57,"column":33}},"16":{"start":{"line":58,"column":2},"end":{"line":58,"column":33}},"17":{"start":{"line":59,"column":2},"end":{"line":59,"column":33}},"18":{"start":{"line":60,"column":2},"end":{"line":60,"column":35}},"19":{"start":{"line":77,"column":0},"end":{"line":86,"column":2}}},"fnMap":{"0":{"name":"(anonymous_0)","decl":{"start":{"line":53,"column":22},"end":{"line":53,"column":23}},"loc":{"start":{"line":53,"column":34},"end":{"line":61,"column":1}},"line":53}},"branchMap":{},"s":{"0":2,"1":2,"2":2,"3":2,"4":2,"5":2,"6":2,"7":2,"8":2,"9":2,"10":2,"11":2,"12":13,"13":13,"14":13,"15":13,"16":13,"17":13,"18":13,"19":2},"f":{"0":13},"b":{},"_coverageSchema":"1a1c01bbd47fc00a2c39e90264f33305004495a9","hash":"dd7da560f815b035f84a17268d4e3ffe17995a47"}
}
