TN:
SF:src\app.js
FNF:0
FNH:0
DA:1,2
DA:2,2
DA:3,2
DA:4,2
DA:6,2
DA:8,2
DA:9,2
DA:10,2
DA:12,2
LF:9
LH:9
BRF:0
BRH:0
end_of_record
TN:
SF:src\db\mongoose.js
FNF:0
FNH:0
DA:1,2
DA:3,2
DA:12,2
LF:3
LH:3
BRF:0
BRH:0
end_of_record
TN:
SF:src\emails\account.js
FN:5,(anonymous_0)
FN:14,(anonymous_1)
FNF:2
FNH:2
FNDA:1,(anonymous_0)
FNDA:1,(anonymous_1)
DA:1,2
DA:3,2
DA:5,2
DA:6,1
DA:14,2
DA:15,1
DA:23,2
LF:7
LH:7
BRF:0
BRH:0
end_of_record
TN:
SF:src\middleware\auth.js
FN:4,(anonymous_0)
FNF:1
FNH:1
FNDA:10,(anonymous_0)
DA:1,2
DA:2,2
DA:4,2
DA:5,10
DA:6,10
DA:7,8
DA:8,8
DA:13,8
DA:14,0
DA:17,8
DA:18,8
DA:19,8
DA:21,2
DA:25,2
LF:14
LH:13
BRDA:13,0,0,0
BRDA:13,0,1,8
BRF:2
BRH:1
end_of_record
TN:
SF:src\models\task.js
FNF:0
FNH:0
DA:1,2
DA:3,2
DA:25,2
DA:27,2
LF:4
LH:4
BRF:0
BRH:0
end_of_record
TN:
SF:src\models\user.js
FN:20,(anonymous_0)
FN:31,(anonymous_1)
FN:40,(anonymous_2)
FN:69,(anonymous_3)
FN:80,(anonymous_4)
FN:90,(anonymous_5)
FN:107,(anonymous_6)
FN:118,(anonymous_7)
FNF:8
FNH:8
FNDA:31,(anonymous_0)
FNDA:31,(anonymous_1)
FNDA:30,(anonymous_2)
FNDA:5,(anonymous_3)
FNDA:2,(anonymous_4)
FNDA:2,(anonymous_5)
FNDA:31,(anonymous_6)
FNDA:1,(anonymous_7)
DA:1,2
DA:2,2
DA:3,2
DA:4,2
DA:5,2
DA:7,2
DA:21,31
DA:22,0
DA:32,31
DA:33,0
DA:41,30
DA:42,0
DA:63,2
DA:69,2
DA:70,5
DA:71,5
DA:73,5
DA:74,5
DA:75,5
DA:77,5
DA:80,2
DA:81,2
DA:82,2
DA:84,2
DA:85,2
DA:87,2
DA:90,2
DA:91,2
DA:93,2
DA:94,0
DA:97,2
DA:99,2
DA:100,1
DA:103,1
DA:107,2
DA:108,31
DA:110,31
DA:111,27
DA:114,31
DA:118,2
DA:119,1
DA:120,1
DA:121,1
DA:124,2
DA:126,2
LF:45
LH:41
BRDA:21,0,0,0
BRDA:21,0,1,31
BRDA:32,1,0,0
BRDA:32,1,1,31
BRDA:41,2,0,0
BRDA:41,2,1,30
BRDA:93,3,0,0
BRDA:93,3,1,2
BRDA:99,4,0,1
BRDA:99,4,1,1
BRDA:110,5,0,27
BRDA:110,5,1,4
BRF:12
BRH:8
end_of_record
TN:
SF:src\routers\task.js
FN:6,(anonymous_0)
FN:23,(anonymous_1)
FN:54,(anonymous_2)
FN:70,(anonymous_3)
FN:73,(anonymous_4)
FN:91,(anonymous_5)
FN:99,(anonymous_6)
FNF:7
FNH:3
FNDA:1,(anonymous_0)
FNDA:1,(anonymous_1)
FNDA:0,(anonymous_2)
FNDA:0,(anonymous_3)
FNDA:0,(anonymous_4)
FNDA:0,(anonymous_5)
FNDA:1,(anonymous_6)
DA:1,2
DA:2,2
DA:3,2
DA:4,2
DA:6,2
DA:7,1
DA:12,1
DA:13,1
DA:14,1
DA:16,0
DA:23,2
DA:24,1
DA:25,1
DA:27,1
DA:28,0
DA:31,1
DA:32,0
DA:33,0
DA:36,1
DA:37,1
DA:48,1
DA:50,0
DA:54,2
DA:55,0
DA:57,0
DA:58,0
DA:60,0
DA:61,0
DA:64,0
DA:66,0
DA:70,2
DA:71,0
DA:72,0
DA:73,0
DA:74,0
DA:77,0
DA:78,0
DA:81,0
DA:82,0
DA:87,0
DA:88,0
DA:91,0
DA:92,0
DA:93,0
DA:95,0
DA:99,2
DA:100,1
DA:101,1
DA:106,1
DA:107,1
DA:110,1
DA:112,1
DA:116,2
LF:53
LH:27
BRDA:27,0,0,0
BRDA:27,0,1,1
BRDA:31,1,0,0
BRDA:31,1,1,1
BRDA:33,2,0,0
BRDA:33,2,1,0
BRDA:60,3,0,0
BRDA:60,3,1,0
BRDA:77,4,0,0
BRDA:77,4,1,0
BRDA:87,5,0,0
BRDA:87,5,1,0
BRDA:106,6,0,1
BRDA:106,6,1,0
BRF:14
BRH:3
end_of_record
TN:
SF:src\routers\user.js
FN:9,(anonymous_0)
FN:22,(anonymous_1)
FN:35,(anonymous_2)
FN:37,(anonymous_3)
FN:48,(anonymous_4)
FN:58,(anonymous_5)
FN:62,(anonymous_6)
FN:65,(anonymous_7)
FN:74,(anonymous_8)
FN:82,(anonymous_9)
FN:96,(anonymous_10)
FN:109,(anonymous_11)
FN:118,(anonymous_12)
FN:123,(anonymous_13)
FN:129,(anonymous_14)
FNF:15
FNH:9
FNDA:1,(anonymous_0)
FNDA:2,(anonymous_1)
FNDA:0,(anonymous_2)
FNDA:0,(anonymous_3)
FNDA:0,(anonymous_4)
FNDA:1,(anonymous_5)
FNDA:2,(anonymous_6)
FNDA:2,(anonymous_7)
FNDA:1,(anonymous_8)
FNDA:1,(anonymous_9)
FNDA:1,(anonymous_10)
FNDA:1,(anonymous_11)
FNDA:0,(anonymous_12)
FNDA:0,(anonymous_13)
FNDA:0,(anonymous_14)
DA:1,2
DA:2,2
DA:3,2
DA:4,2
DA:5,2
DA:6,2
DA:7,2
DA:9,2
DA:10,1
DA:12,1
DA:13,1
DA:14,1
DA:15,1
DA:16,1
DA:18,0
DA:22,2
DA:23,2
DA:24,2
DA:28,1
DA:29,1
DA:31,1
DA:35,2
DA:36,0
DA:37,0
DA:38,0
DA:40,0
DA:42,0
DA:44,0
DA:48,2
DA:49,0
DA:50,0
DA:51,0
DA:52,0
DA:54,0
DA:58,2
DA:59,1
DA:62,2
DA:63,2
DA:64,2
DA:65,2
DA:66,2
DA:69,2
DA:70,1
DA:73,1
DA:74,1
DA:75,1
DA:76,1
DA:78,0
DA:82,2
DA:83,1
DA:84,1
DA:85,1
DA:86,1
DA:88,0
DA:92,2
DA:97,1
DA:98,0
DA:101,1
DA:105,2
DA:110,1
DA:114,1
DA:115,1
DA:116,1
DA:119,0
DA:123,2
DA:124,0
DA:125,0
DA:126,0
DA:129,2
DA:130,0
DA:131,0
DA:133,0
DA:134,0
DA:137,0
DA:138,0
DA:140,0
DA:144,2
LF:77
LH:51
BRDA:69,0,0,1
BRDA:69,0,1,1
BRDA:97,1,0,0
BRDA:97,1,1,1
BRDA:133,2,0,0
BRDA:133,2,1,0
BRDA:133,3,0,0
BRDA:133,3,1,0
BRF:8
BRH:3
end_of_record
TN:
SF:tests\fixtures\db.js
FN:53,(anonymous_0)
FNF:1
FNH:1
FNDA:13,(anonymous_0)
DA:1,2
DA:2,2
DA:3,2
DA:4,2
DA:6,2
DA:7,2
DA:19,2
DA:20,2
DA:32,2
DA:39,2
DA:46,2
DA:53,2
DA:54,13
DA:55,13
DA:56,13
DA:57,13
DA:58,13
DA:59,13
DA:60,13
DA:77,2
LF:20
LH:20
BRF:0
BRH:0
end_of_record
